c:\users\kiwi\desktop\visualstudio project\state_search_v2\state_search_v2\debug\state_search_v2.pch
c:\users\kiwi\desktop\visualstudio project\state_search_v2\state_search_v2\debug\vc141.pdb
c:\users\kiwi\desktop\visualstudio project\state_search_v2\state_search_v2\debug\vc141.idb
c:\users\kiwi\desktop\visualstudio project\state_search_v2\state_search_v2\debug\stdafx.obj
c:\users\kiwi\desktop\visualstudio project\state_search_v2\state_search_v2\debug\pqueue.obj
c:\users\kiwi\desktop\visualstudio project\state_search_v2\state_search_v2\debug\array_list.obj
c:\users\kiwi\desktop\visualstudio project\state_search_v2\state_search_v2\debug\a_star.obj
c:\users\kiwi\desktop\visualstudio project\state_search_v2\state_search_v2\debug\state_search_v2.obj
c:\users\kiwi\desktop\visualstudio project\state_search_v2\state_search_v2\debug\priority_queue.obj
c:\users\kiwi\desktop\visualstudio project\state_search_v2\debug\state_search_v2.exe
c:\users\kiwi\desktop\visualstudio project\state_search_v2\debug\state_search_v2.ilk
c:\users\kiwi\desktop\visualstudio project\state_search_v2\debug\state_search_v2.pdb
c:\users\kiwi\desktop\visualstudio project\state_search_v2\state_search_v2\debug\array_list.obj.enc
c:\users\kiwi\desktop\visualstudio project\state_search_v2\state_search_v2\debug\a_star.obj.enc
c:\users\kiwi\desktop\visualstudio project\state_search_v2\state_search_v2\debug\priority_queue.obj.enc
c:\users\kiwi\desktop\visualstudio project\state_search_v2\state_search_v2\debug\state_search_v2.obj.enc
c:\users\kiwi\desktop\visualstudio project\state_search_v2\state_search_v2\debug\state_search_v2.tlog\cl.command.1.tlog
c:\users\kiwi\desktop\visualstudio project\state_search_v2\state_search_v2\debug\state_search_v2.tlog\cl.read.1.tlog
c:\users\kiwi\desktop\visualstudio project\state_search_v2\state_search_v2\debug\state_search_v2.tlog\cl.write.1.tlog
c:\users\kiwi\desktop\visualstudio project\state_search_v2\state_search_v2\debug\state_search_v2.tlog\link.command.1.tlog
c:\users\kiwi\desktop\visualstudio project\state_search_v2\state_search_v2\debug\state_search_v2.tlog\link.read.1.tlog
c:\users\kiwi\desktop\visualstudio project\state_search_v2\state_search_v2\debug\state_search_v2.tlog\link.write.1.tlog
